# JRE version: Java(TM) SE Runtime Environment (8.0_231-b11) (build 1.8.0_231-b11)
# Java VM: Java HotSpot(TM) 64-Bit Server VM (25.231-b11 mixed mode bsd-amd64 compressed oops)
Heap:
 PSYoungGen      total 200704K, used 93642K [0x000000076ab00000, 0x000000077af00000, 0x00000007c0000000)
  eden space 187904K, 49% used [0x000000076ab00000,0x0000000770672b20,0x0000000776280000)
  from space 12800K, 0% used [0x0000000776280000,0x0000000776280000,0x0000000776f00000)
  to   space 15360K, 0% used [0x000000077a000000,0x000000077a000000,0x000000077af00000)
 ParOldGen       total 204288K, used 20978K [0x00000006c0000000, 0x00000006cc780000, 0x000000076ab00000)
  object space 204288K, 10% used [0x00000006c0000000,0x00000006c147c878,0x00000006cc780000)
 Metaspace       used 63833K, capacity 67246K, committed 67328K, reserved 1107968K
  class space    used 8616K, capacity 8899K, committed 8960K, reserved 1048576K
GC Heap History (10 events):
Event: 3.344 GC heap before
{Heap before GC invocations=6 (full 1):
 PSYoungGen      total 120832K, used 80204K [0x000000076ab00000, 0x0000000773d00000, 0x00000007c0000000)
  eden space 113152K, 64% used [0x000000076ab00000,0x000000076f1ff0e8,0x0000000771980000)
  from space 7680K, 97% used [0x0000000773580000,0x0000000773cd4290,0x0000000773d00000)
  to   space 10752K, 0% used [0x0000000772800000,0x0000000772800000,0x0000000773280000)
 ParOldGen       total 86528K, used 4229K [0x00000006c0000000, 0x00000006c5480000, 0x000000076ab00000)
  object space 86528K, 4% used [0x00000006c0000000,0x00000006c0421570,0x00000006c5480000)
 Metaspace       used 33803K, capacity 35454K, committed 35496K, reserved 1079296K
  class space    used 4648K, capacity 4833K, committed 4864K, reserved 1048576K
Event: 3.351 GC heap after
Heap after GC invocations=6 (full 1):
 PSYoungGen      total 138752K, used 8146K [0x000000076ab00000, 0x0000000777b80000, 0x00000007c0000000)
  eden space 128000K, 0% used [0x000000076ab00000,0x000000076ab00000,0x0000000772800000)
  from space 10752K, 75% used [0x0000000772800000,0x0000000772ff4a40,0x0000000773280000)
  to   space 10240K, 0% used [0x0000000777180000,0x0000000777180000,0x0000000777b80000)
 ParOldGen       total 86528K, used 4237K [0x00000006c0000000, 0x00000006c5480000, 0x000000076ab00000)
  object space 86528K, 4% used [0x00000006c0000000,0x00000006c0423570,0x00000006c5480000)
 Metaspace       used 33803K, capacity 35454K, committed 35496K, reserved 1079296K
  class space    used 4648K, capacity 4833K, committed 4864K, reserved 1048576K
}
Event: 3.351 GC heap before
{Heap before GC invocations=7 (full 2):
 PSYoungGen      total 138752K, used 8146K [0x000000076ab00000, 0x0000000777b80000, 0x00000007c0000000)
  eden space 128000K, 0% used [0x000000076ab00000,0x000000076ab00000,0x0000000772800000)
  from space 10752K, 75% used [0x0000000772800000,0x0000000772ff4a40,0x0000000773280000)
  to   space 10240K, 0% used [0x0000000777180000,0x0000000777180000,0x0000000777b80000)
 ParOldGen       total 86528K, used 4237K [0x00000006c0000000, 0x00000006c5480000, 0x000000076ab00000)
  object space 86528K, 4% used [0x00000006c0000000,0x00000006c0423570,0x00000006c5480000)
 Metaspace       used 33803K, capacity 35454K, committed 35496K, reserved 1079296K
  class space    used 4648K, capacity 4833K, committed 4864K, reserved 1048576K
Event: 3.405 GC heap after
Heap after GC invocations=7 (full 2):
 PSYoungGen      total 138752K, used 0K [0x000000076ab00000, 0x0000000777b80000, 0x00000007c0000000)
  eden space 128000K, 0% used [0x000000076ab00000,0x000000076ab00000,0x0000000772800000)
  from space 10752K, 0% used [0x0000000772800000,0x0000000772800000,0x0000000773280000)
  to   space 10240K, 0% used [0x0000000777180000,0x0000000777180000,0x0000000777b80000)
 ParOldGen       total 141824K, used 11569K [0x00000006c0000000, 0x00000006c8a80000, 0x000000076ab00000)
  object space 141824K, 8% used [0x00000006c0000000,0x00000006c0b4c550,0x00000006c8a80000)
 Metaspace       used 33801K, capacity 35448K, committed 35496K, reserved 1079296K
  class space    used 4647K, capacity 4832K, committed 4864K, reserved 1048576K
}
Event: 4.221 GC heap before
{Heap before GC invocations=8 (full 2):
 PSYoungGen      total 138752K, used 128000K [0x000000076ab00000, 0x0000000777b80000, 0x00000007c0000000)
  eden space 128000K, 100% used [0x000000076ab00000,0x0000000772800000,0x0000000772800000)
  from space 10752K, 0% used [0x0000000772800000,0x0000000772800000,0x0000000773280000)
  to   space 10240K, 0% used [0x0000000777180000,0x0000000777180000,0x0000000777b80000)
 ParOldGen       total 141824K, used 11569K [0x00000006c0000000, 0x00000006c8a80000, 0x000000076ab00000)
  object space 141824K, 8% used [0x00000006c0000000,0x00000006c0b4c550,0x00000006c8a80000)
 Metaspace       used 44487K, capacity 46552K, committed 46592K, reserved 1089536K
  class space    used 5919K, capacity 6138K, committed 6144K, reserved 1048576K
Event: 4.230 GC heap after
Heap after GC invocations=8 (full 2):
 PSYoungGen      total 187392K, used 10227K [0x000000076ab00000, 0x0000000777b80000, 0x00000007c0000000)
  eden space 177152K, 0% used [0x000000076ab00000,0x000000076ab00000,0x0000000775800000)
  from space 10240K, 99% used [0x0000000777180000,0x0000000777b7cea0,0x0000000777b80000)
  to   space 12800K, 0% used [0x0000000776280000,0x0000000776280000,0x0000000776f00000)
 ParOldGen       total 141824K, used 14113K [0x00000006c0000000, 0x00000006c8a80000, 0x000000076ab00000)
  object space 141824K, 9% used [0x00000006c0000000,0x00000006c0dc8710,0x00000006c8a80000)
 Metaspace       used 44487K, capacity 46552K, committed 46592K, reserved 1089536K
  class space    used 5919K, capacity 6138K, committed 6144K, reserved 1048576K
}
Event: 7.386 GC heap before
{Heap before GC invocations=9 (full 2):
 PSYoungGen      total 187392K, used 143927K [0x000000076ab00000, 0x0000000777b80000, 0x00000007c0000000)
  eden space 177152K, 75% used [0x000000076ab00000,0x0000000772d910f8,0x0000000775800000)
  from space 10240K, 99% used [0x0000000777180000,0x0000000777b7cea0,0x0000000777b80000)
  to   space 12800K, 0% used [0x0000000776280000,0x0000000776280000,0x0000000776f00000)
 ParOldGen       total 141824K, used 14113K [0x00000006c0000000, 0x00000006c8a80000, 0x000000076ab00000)
  object space 141824K, 9% used [0x00000006c0000000,0x00000006c0dc8710,0x00000006c8a80000)
 Metaspace       used 56501K, capacity 59088K, committed 59160K, reserved 1101824K
  class space    used 7393K, capacity 7628K, committed 7680K, reserved 1048576K
Event: 7.396 GC heap after
Heap after GC invocations=9 (full 2):
 PSYoungGen      total 200704K, used 12783K [0x000000076ab00000, 0x000000077af00000, 0x00000007c0000000)
  eden space 187904K, 0% used [0x000000076ab00000,0x000000076ab00000,0x0000000776280000)
  from space 12800K, 99% used [0x0000000776280000,0x0000000776efbff0,0x0000000776f00000)
  to   space 15360K, 0% used [0x000000077a000000,0x000000077a000000,0x000000077af00000)
 ParOldGen       total 141824K, used 15650K [0x00000006c0000000, 0x00000006c8a80000, 0x000000076ab00000)
  object space 141824K, 11% used [0x00000006c0000000,0x00000006c0f48a60,0x00000006c8a80000)
 Metaspace       used 56501K, capacity 59088K, committed 59160K, reserved 1101824K
  class space    used 7393K, capacity 7628K, committed 7680K, reserved 1048576K
}
Event: 7.396 GC heap before
{Heap before GC invocations=10 (full 3):
 PSYoungGen      total 200704K, used 12783K [0x000000076ab00000, 0x000000077af00000, 0x00000007c0000000)
  eden space 187904K, 0% used [0x000000076ab00000,0x000000076ab00000,0x0000000776280000)
  from space 12800K, 99% used [0x0000000776280000,0x0000000776efbff0,0x0000000776f00000)
  to   space 15360K, 0% used [0x000000077a000000,0x000000077a000000,0x000000077af00000)
 ParOldGen       total 141824K, used 15650K [0x00000006c0000000, 0x00000006c8a80000, 0x000000076ab00000)
  object space 141824K, 11% used [0x00000006c0000000,0x00000006c0f48a60,0x00000006c8a80000)
 Metaspace       used 56501K, capacity 59088K, committed 59160K, reserved 1101824K
  class space    used 7393K, capacity 7628K, committed 7680K, reserved 1048576K
Event: 7.484 GC heap after
Heap after GC invocations=10 (full 3):
 PSYoungGen      total 200704K, used 0K [0x000000076ab00000, 0x000000077af00000, 0x00000007c0000000)
  eden space 187904K, 0% used [0x000000076ab00000,0x000000076ab00000,0x0000000776280000)
  from space 12800K, 0% used [0x0000000776280000,0x0000000776280000,0x0000000776f00000)
  to   space 15360K, 0% used [0x000000077a000000,0x000000077a000000,0x000000077af00000)
 ParOldGen       total 204288K, used 20978K [0x00000006c0000000, 0x00000006cc780000, 0x000000076ab00000)
  object space 204288K, 10% used [0x00000006c0000000,0x00000006c147c878,0x00000006cc780000)
 Metaspace       used 56501K, capacity 59088K, committed 59160K, reserved 1101824K
  class space    used 7393K, capacity 7628K, committed 7680K, reserved 1048576K
}

