# JRE version: Java(TM) SE Runtime Environment (8.0_231-b11) (build 1.8.0_231-b11)
# Java VM: Java HotSpot(TM) 64-Bit Server VM (25.231-b11 mixed mode bsd-amd64 compressed oops)
Heap:
 PSYoungGen      total 140800K, used 84068K [0x000000076ab00000, 0x0000000777600000, 0x00000007c0000000)
  eden space 128512K, 65% used [0x000000076ab00000,0x000000076fd193c0,0x0000000772880000)
  from space 12288K, 0% used [0x0000000772880000,0x0000000772880000,0x0000000773480000)
  to   space 11776K, 0% used [0x0000000776a80000,0x0000000776a80000,0x0000000777600000)
 ParOldGen       total 250880K, used 16664K [0x00000006c0000000, 0x00000006cf500000, 0x000000076ab00000)
  object space 250880K, 6% used [0x00000006c0000000,0x00000006c10460d0,0x00000006cf500000)
 Metaspace       used 63025K, capacity 66403K, committed 66560K, reserved 1107968K
  class space    used 8599K, capacity 8857K, committed 8960K, reserved 1048576K
GC Heap History (10 events):
Event: 2.627 GC heap before
{Heap before GC invocations=6 (full 2):
 PSYoungGen      total 104448K, used 7789K [0x000000076ab00000, 0x0000000771e00000, 0x00000007c0000000)
  eden space 93696K, 0% used [0x000000076ab00000,0x000000076ab00000,0x0000000770680000)
  from space 10752K, 72% used [0x0000000771100000,0x000000077189b558,0x0000000771b80000)
  to   space 10752K, 0% used [0x0000000770680000,0x0000000770680000,0x0000000771100000)
 ParOldGen       total 110592K, used 8534K [0x00000006c0000000, 0x00000006c6c00000, 0x000000076ab00000)
  object space 110592K, 7% used [0x00000006c0000000,0x00000006c0855b68,0x00000006c6c00000)
 Metaspace       used 33665K, capacity 35387K, committed 35496K, reserved 1079296K
  class space    used 4683K, capacity 4864K, committed 4864K, reserved 1048576K
Event: 2.651 GC heap after
Heap after GC invocations=6 (full 2):
 PSYoungGen      total 104448K, used 0K [0x000000076ab00000, 0x0000000771e00000, 0x00000007c0000000)
  eden space 93696K, 0% used [0x000000076ab00000,0x000000076ab00000,0x0000000770680000)
  from space 10752K, 0% used [0x0000000771100000,0x0000000771100000,0x0000000771b80000)
  to   space 10752K, 0% used [0x0000000770680000,0x0000000770680000,0x0000000771100000)
 ParOldGen       total 177664K, used 11516K [0x00000006c0000000, 0x00000006cad80000, 0x000000076ab00000)
  object space 177664K, 6% used [0x00000006c0000000,0x00000006c0b3f168,0x00000006cad80000)
 Metaspace       used 33663K, capacity 35381K, committed 35496K, reserved 1079296K
  class space    used 4682K, capacity 4863K, committed 4864K, reserved 1048576K
}
Event: 3.348 GC heap before
{Heap before GC invocations=7 (full 2):
 PSYoungGen      total 104448K, used 93696K [0x000000076ab00000, 0x0000000771e00000, 0x00000007c0000000)
  eden space 93696K, 100% used [0x000000076ab00000,0x0000000770680000,0x0000000770680000)
  from space 10752K, 0% used [0x0000000771100000,0x0000000771100000,0x0000000771b80000)
  to   space 10752K, 0% used [0x0000000770680000,0x0000000770680000,0x0000000771100000)
 ParOldGen       total 177664K, used 11516K [0x00000006c0000000, 0x00000006cad80000, 0x000000076ab00000)
  object space 177664K, 6% used [0x00000006c0000000,0x00000006c0b3f168,0x00000006cad80000)
 Metaspace       used 42944K, capacity 44939K, committed 45056K, reserved 1089536K
  class space    used 5681K, capacity 5877K, committed 5888K, reserved 1048576K
Event: 3.356 GC heap after
Heap after GC invocations=7 (full 2):
 PSYoungGen      total 104448K, used 10725K [0x000000076ab00000, 0x0000000774000000, 0x00000007c0000000)
  eden space 93696K, 0% used [0x000000076ab00000,0x000000076ab00000,0x0000000770680000)
  from space 10752K, 99% used [0x0000000770680000,0x00000007710f94f0,0x0000000771100000)
  to   space 11776K, 0% used [0x0000000773480000,0x0000000773480000,0x0000000774000000)
 ParOldGen       total 177664K, used 12474K [0x00000006c0000000, 0x00000006cad80000, 0x000000076ab00000)
  object space 177664K, 7% used [0x00000006c0000000,0x00000006c0c2e950,0x00000006cad80000)
 Metaspace       used 42944K, capacity 44939K, committed 45056K, reserved 1089536K
  class space    used 5681K, capacity 5877K, committed 5888K, reserved 1048576K
}
Event: 3.888 GC heap before
{Heap before GC invocations=8 (full 2):
 PSYoungGen      total 104448K, used 104421K [0x000000076ab00000, 0x0000000774000000, 0x00000007c0000000)
  eden space 93696K, 100% used [0x000000076ab00000,0x0000000770680000,0x0000000770680000)
  from space 10752K, 99% used [0x0000000770680000,0x00000007710f94f0,0x0000000771100000)
  to   space 11776K, 0% used [0x0000000773480000,0x0000000773480000,0x0000000774000000)
 ParOldGen       total 177664K, used 12474K [0x00000006c0000000, 0x00000006cad80000, 0x000000076ab00000)
  object space 177664K, 7% used [0x00000006c0000000,0x00000006c0c2e950,0x00000006cad80000)
 Metaspace       used 50244K, capacity 52777K, committed 52864K, reserved 1095680K
  class space    used 6767K, capacity 6993K, committed 7040K, reserved 1048576K
Event: 3.896 GC heap after
Heap after GC invocations=8 (full 2):
 PSYoungGen      total 140288K, used 10804K [0x000000076ab00000, 0x0000000774200000, 0x00000007c0000000)
  eden space 128512K, 0% used [0x000000076ab00000,0x000000076ab00000,0x0000000772880000)
  from space 11776K, 91% used [0x0000000773480000,0x0000000773f0d3f8,0x0000000774000000)
  to   space 12288K, 0% used [0x0000000772880000,0x0000000772880000,0x0000000773480000)
 ParOldGen       total 177664K, used 12482K [0x00000006c0000000, 0x00000006cad80000, 0x000000076ab00000)
  object space 177664K, 7% used [0x00000006c0000000,0x00000006c0c30950,0x00000006cad80000)
 Metaspace       used 50244K, capacity 52777K, committed 52864K, reserved 1095680K
  class space    used 6767K, capacity 6993K, committed 7040K, reserved 1048576K
}
Event: 4.183 GC heap before
{Heap before GC invocations=9 (full 2):
 PSYoungGen      total 140288K, used 66930K [0x000000076ab00000, 0x0000000774200000, 0x00000007c0000000)
  eden space 128512K, 43% used [0x000000076ab00000,0x000000076e1cf470,0x0000000772880000)
  from space 11776K, 91% used [0x0000000773480000,0x0000000773f0d3f8,0x0000000774000000)
  to   space 12288K, 0% used [0x0000000772880000,0x0000000772880000,0x0000000773480000)
 ParOldGen       total 177664K, used 12482K [0x00000006c0000000, 0x00000006cad80000, 0x000000076ab00000)
  object space 177664K, 7% used [0x00000006c0000000,0x00000006c0c30950,0x00000006cad80000)
 Metaspace       used 56403K, capacity 59041K, committed 59160K, reserved 1101824K
  class space    used 7482K, capacity 7734K, committed 7808K, reserved 1048576K
Event: 4.190 GC heap after
Heap after GC invocations=9 (full 2):
 PSYoungGen      total 140800K, used 9355K [0x000000076ab00000, 0x0000000777600000, 0x00000007c0000000)
  eden space 128512K, 0% used [0x000000076ab00000,0x000000076ab00000,0x0000000772880000)
  from space 12288K, 76% used [0x0000000772880000,0x00000007731a2e08,0x0000000773480000)
  to   space 11776K, 0% used [0x0000000776a80000,0x0000000776a80000,0x0000000777600000)
 ParOldGen       total 177664K, used 12490K [0x00000006c0000000, 0x00000006cad80000, 0x000000076ab00000)
  object space 177664K, 7% used [0x00000006c0000000,0x00000006c0c32950,0x00000006cad80000)
 Metaspace       used 56403K, capacity 59041K, committed 59160K, reserved 1101824K
  class space    used 7482K, capacity 7734K, committed 7808K, reserved 1048576K
}
Event: 4.190 GC heap before
{Heap before GC invocations=10 (full 3):
 PSYoungGen      total 140800K, used 9355K [0x000000076ab00000, 0x0000000777600000, 0x00000007c0000000)
  eden space 128512K, 0% used [0x000000076ab00000,0x000000076ab00000,0x0000000772880000)
  from space 12288K, 76% used [0x0000000772880000,0x00000007731a2e08,0x0000000773480000)
  to   space 11776K, 0% used [0x0000000776a80000,0x0000000776a80000,0x0000000777600000)
 ParOldGen       total 177664K, used 12490K [0x00000006c0000000, 0x00000006cad80000, 0x000000076ab00000)
  object space 177664K, 7% used [0x00000006c0000000,0x00000006c0c32950,0x00000006cad80000)
 Metaspace       used 56403K, capacity 59041K, committed 59160K, reserved 1101824K
  class space    used 7482K, capacity 7734K, committed 7808K, reserved 1048576K
Event: 4.277 GC heap after
Heap after GC invocations=10 (full 3):
 PSYoungGen      total 140800K, used 0K [0x000000076ab00000, 0x0000000777600000, 0x00000007c0000000)
  eden space 128512K, 0% used [0x000000076ab00000,0x000000076ab00000,0x0000000772880000)
  from space 12288K, 0% used [0x0000000772880000,0x0000000772880000,0x0000000773480000)
  to   space 11776K, 0% used [0x0000000776a80000,0x0000000776a80000,0x0000000777600000)
 ParOldGen       total 250880K, used 16664K [0x00000006c0000000, 0x00000006cf500000, 0x000000076ab00000)
  object space 250880K, 6% used [0x00000006c0000000,0x00000006c10460d0,0x00000006cf500000)
 Metaspace       used 56403K, capacity 59041K, committed 59160K, reserved 1101824K
  class space    used 7482K, capacity 7734K, committed 7808K, reserved 1048576K
}

