# JRE version: Java(TM) SE Runtime Environment (8.0_231-b11) (build 1.8.0_231-b11)
# Java VM: Java HotSpot(TM) 64-Bit Server VM (25.231-b11 mixed mode bsd-amd64 compressed oops)
Heap:
 PSYoungGen      total 194560K, used 95932K [0x000000076ab00000, 0x000000077ab00000, 0x00000007c0000000)
  eden space 181248K, 52% used [0x000000076ab00000,0x00000007708af070,0x0000000775c00000)
  from space 13312K, 0% used [0x0000000775c00000,0x0000000775c00000,0x0000000776900000)
  to   space 15360K, 0% used [0x0000000779c00000,0x0000000779c00000,0x000000077ab00000)
 ParOldGen       total 218624K, used 20670K [0x00000006c0000000, 0x00000006cd580000, 0x000000076ab00000)
  object space 218624K, 9% used [0x00000006c0000000,0x00000006c142f9f0,0x00000006cd580000)
 Metaspace       used 63823K, capacity 67240K, committed 67328K, reserved 1107968K
  class space    used 8615K, capacity 8898K, committed 8960K, reserved 1048576K
GC Heap History (10 events):
Event: 3.229 GC heap before
{Heap before GC invocations=6 (full 1):
 PSYoungGen      total 118784K, used 83740K [0x000000076ab00000, 0x0000000773d00000, 0x00000007c0000000)
  eden space 111104K, 68% used [0x000000076ab00000,0x000000076f563c18,0x0000000771780000)
  from space 7680K, 98% used [0x0000000773580000,0x0000000773ce35f8,0x0000000773d00000)
  to   space 10752K, 0% used [0x0000000772800000,0x0000000772800000,0x0000000773280000)
 ParOldGen       total 89088K, used 4230K [0x00000006c0000000, 0x00000006c5700000, 0x000000076ab00000)
  object space 89088K, 4% used [0x00000006c0000000,0x00000006c0421b20,0x00000006c5700000)
 Metaspace       used 33826K, capacity 35460K, committed 35496K, reserved 1079296K
  class space    used 4650K, capacity 4834K, committed 4864K, reserved 1048576K
Event: 3.235 GC heap after
Heap after GC invocations=6 (full 1):
 PSYoungGen      total 138752K, used 8150K [0x000000076ab00000, 0x0000000777600000, 0x00000007c0000000)
  eden space 128000K, 0% used [0x000000076ab00000,0x000000076ab00000,0x0000000772800000)
  from space 10752K, 75% used [0x0000000772800000,0x0000000772ff5a10,0x0000000773280000)
  to   space 10240K, 0% used [0x0000000776c00000,0x0000000776c00000,0x0000000777600000)
 ParOldGen       total 89088K, used 4238K [0x00000006c0000000, 0x00000006c5700000, 0x000000076ab00000)
  object space 89088K, 4% used [0x00000006c0000000,0x00000006c0423b20,0x00000006c5700000)
 Metaspace       used 33826K, capacity 35460K, committed 35496K, reserved 1079296K
  class space    used 4650K, capacity 4834K, committed 4864K, reserved 1048576K
}
Event: 3.236 GC heap before
{Heap before GC invocations=7 (full 2):
 PSYoungGen      total 138752K, used 8150K [0x000000076ab00000, 0x0000000777600000, 0x00000007c0000000)
  eden space 128000K, 0% used [0x000000076ab00000,0x000000076ab00000,0x0000000772800000)
  from space 10752K, 75% used [0x0000000772800000,0x0000000772ff5a10,0x0000000773280000)
  to   space 10240K, 0% used [0x0000000776c00000,0x0000000776c00000,0x0000000777600000)
 ParOldGen       total 89088K, used 4238K [0x00000006c0000000, 0x00000006c5700000, 0x000000076ab00000)
  object space 89088K, 4% used [0x00000006c0000000,0x00000006c0423b20,0x00000006c5700000)
 Metaspace       used 33826K, capacity 35460K, committed 35496K, reserved 1079296K
  class space    used 4650K, capacity 4834K, committed 4864K, reserved 1048576K
Event: 3.292 GC heap after
Heap after GC invocations=7 (full 2):
 PSYoungGen      total 138752K, used 0K [0x000000076ab00000, 0x0000000777600000, 0x00000007c0000000)
  eden space 128000K, 0% used [0x000000076ab00000,0x000000076ab00000,0x0000000772800000)
  from space 10752K, 0% used [0x0000000772800000,0x0000000772800000,0x0000000773280000)
  to   space 10240K, 0% used [0x0000000776c00000,0x0000000776c00000,0x0000000777600000)
 ParOldGen       total 148992K, used 11587K [0x00000006c0000000, 0x00000006c9180000, 0x000000076ab00000)
  object space 148992K, 7% used [0x00000006c0000000,0x00000006c0b50d10,0x00000006c9180000)
 Metaspace       used 33823K, capacity 35454K, committed 35496K, reserved 1079296K
  class space    used 4649K, capacity 4833K, committed 4864K, reserved 1048576K
}
Event: 4.153 GC heap before
{Heap before GC invocations=8 (full 2):
 PSYoungGen      total 138752K, used 128000K [0x000000076ab00000, 0x0000000777600000, 0x00000007c0000000)
  eden space 128000K, 100% used [0x000000076ab00000,0x0000000772800000,0x0000000772800000)
  from space 10752K, 0% used [0x0000000772800000,0x0000000772800000,0x0000000773280000)
  to   space 10240K, 0% used [0x0000000776c00000,0x0000000776c00000,0x0000000777600000)
 ParOldGen       total 148992K, used 11587K [0x00000006c0000000, 0x00000006c9180000, 0x000000076ab00000)
  object space 148992K, 7% used [0x00000006c0000000,0x00000006c0b50d10,0x00000006c9180000)
 Metaspace       used 44826K, capacity 46860K, committed 47232K, reserved 1089536K
  class space    used 5967K, capacity 6175K, committed 6272K, reserved 1048576K
Event: 4.162 GC heap after
Heap after GC invocations=8 (full 2):
 PSYoungGen      total 183296K, used 10239K [0x000000076ab00000, 0x0000000777600000, 0x00000007c0000000)
  eden space 173056K, 0% used [0x000000076ab00000,0x000000076ab00000,0x0000000775400000)
  from space 10240K, 99% used [0x0000000776c00000,0x00000007775ffc38,0x0000000777600000)
  to   space 13312K, 0% used [0x0000000775c00000,0x0000000775c00000,0x0000000776900000)
 ParOldGen       total 148992K, used 14703K [0x00000006c0000000, 0x00000006c9180000, 0x000000076ab00000)
  object space 148992K, 9% used [0x00000006c0000000,0x00000006c0e5bdc8,0x00000006c9180000)
 Metaspace       used 44826K, capacity 46860K, committed 47232K, reserved 1089536K
  class space    used 5967K, capacity 6175K, committed 6272K, reserved 1048576K
}
Event: 4.931 GC heap before
{Heap before GC invocations=9 (full 2):
 PSYoungGen      total 183296K, used 139673K [0x000000076ab00000, 0x0000000777600000, 0x00000007c0000000)
  eden space 173056K, 74% used [0x000000076ab00000,0x00000007729669f8,0x0000000775400000)
  from space 10240K, 99% used [0x0000000776c00000,0x00000007775ffc38,0x0000000777600000)
  to   space 13312K, 0% used [0x0000000775c00000,0x0000000775c00000,0x0000000776900000)
 ParOldGen       total 148992K, used 14703K [0x00000006c0000000, 0x00000006c9180000, 0x000000076ab00000)
  object space 148992K, 9% used [0x00000006c0000000,0x00000006c0e5bdc8,0x00000006c9180000)
 Metaspace       used 56503K, capacity 59082K, committed 59136K, reserved 1101824K
  class space    used 7395K, capacity 7627K, committed 7680K, reserved 1048576K
Event: 4.941 GC heap after
Heap after GC invocations=9 (full 2):
 PSYoungGen      total 194560K, used 13299K [0x000000076ab00000, 0x000000077ab00000, 0x00000007c0000000)
  eden space 181248K, 0% used [0x000000076ab00000,0x000000076ab00000,0x0000000775c00000)
  from space 13312K, 99% used [0x0000000775c00000,0x00000007768fcfd8,0x0000000776900000)
  to   space 15360K, 0% used [0x0000000779c00000,0x0000000779c00000,0x000000077ab00000)
 ParOldGen       total 148992K, used 15362K [0x00000006c0000000, 0x00000006c9180000, 0x000000076ab00000)
  object space 148992K, 10% used [0x00000006c0000000,0x00000006c0f00988,0x00000006c9180000)
 Metaspace       used 56503K, capacity 59082K, committed 59136K, reserved 1101824K
  class space    used 7395K, capacity 7627K, committed 7680K, reserved 1048576K
}
Event: 4.941 GC heap before
{Heap before GC invocations=10 (full 3):
 PSYoungGen      total 194560K, used 13299K [0x000000076ab00000, 0x000000077ab00000, 0x00000007c0000000)
  eden space 181248K, 0% used [0x000000076ab00000,0x000000076ab00000,0x0000000775c00000)
  from space 13312K, 99% used [0x0000000775c00000,0x00000007768fcfd8,0x0000000776900000)
  to   space 15360K, 0% used [0x0000000779c00000,0x0000000779c00000,0x000000077ab00000)
 ParOldGen       total 148992K, used 15362K [0x00000006c0000000, 0x00000006c9180000, 0x000000076ab00000)
  object space 148992K, 10% used [0x00000006c0000000,0x00000006c0f00988,0x00000006c9180000)
 Metaspace       used 56503K, capacity 59082K, committed 59136K, reserved 1101824K
  class space    used 7395K, capacity 7627K, committed 7680K, reserved 1048576K
Event: 5.031 GC heap after
Heap after GC invocations=10 (full 3):
 PSYoungGen      total 194560K, used 0K [0x000000076ab00000, 0x000000077ab00000, 0x00000007c0000000)
  eden space 181248K, 0% used [0x000000076ab00000,0x000000076ab00000,0x0000000775c00000)
  from space 13312K, 0% used [0x0000000775c00000,0x0000000775c00000,0x0000000776900000)
  to   space 15360K, 0% used [0x0000000779c00000,0x0000000779c00000,0x000000077ab00000)
 ParOldGen       total 218624K, used 20670K [0x00000006c0000000, 0x00000006cd580000, 0x000000076ab00000)
  object space 218624K, 9% used [0x00000006c0000000,0x00000006c142f9f0,0x00000006cd580000)
 Metaspace       used 56503K, capacity 59082K, committed 59136K, reserved 1101824K
  class space    used 7395K, capacity 7627K, committed 7680K, reserved 1048576K
}

