# JRE version: Java(TM) SE Runtime Environment (8.0_231-b11) (build 1.8.0_231-b11)
# Java VM: Java HotSpot(TM) 64-Bit Server VM (25.231-b11 mixed mode bsd-amd64 compressed oops)
Heap:
 PSYoungGen      total 144384K, used 83495K [0x000000076ab00000, 0x0000000777c80000, 0x00000007c0000000)
  eden space 131584K, 63% used [0x000000076ab00000,0x000000076fc89c70,0x0000000772b80000)
  from space 12800K, 0% used [0x0000000772b80000,0x0000000772b80000,0x0000000773800000)
  to   space 12288K, 0% used [0x0000000777080000,0x0000000777080000,0x0000000777c80000)
 ParOldGen       total 244736K, used 16231K [0x00000006c0000000, 0x00000006cef00000, 0x000000076ab00000)
  object space 244736K, 6% used [0x00000006c0000000,0x00000006c0fd9d40,0x00000006cef00000)
 Metaspace       used 63002K, capacity 66415K, committed 66560K, reserved 1107968K
  class space    used 8600K, capacity 8857K, committed 8960K, reserved 1048576K
GC Heap History (10 events):
Event: 2.751 GC heap before
{Heap before GC invocations=6 (full 2):
 PSYoungGen      total 107008K, used 7894K [0x000000076ab00000, 0x0000000772080000, 0x00000007c0000000)
  eden space 96256K, 0% used [0x000000076ab00000,0x000000076ab00000,0x0000000770900000)
  from space 10752K, 73% used [0x0000000771380000,0x0000000771b35a20,0x0000000771e00000)
  to   space 10752K, 0% used [0x0000000770900000,0x0000000770900000,0x0000000771380000)
 ParOldGen       total 108032K, used 8532K [0x00000006c0000000, 0x00000006c6980000, 0x000000076ab00000)
  object space 108032K, 7% used [0x00000006c0000000,0x00000006c08551b0,0x00000006c6980000)
 Metaspace       used 33660K, capacity 35399K, committed 35496K, reserved 1079296K
  class space    used 4682K, capacity 4864K, committed 4864K, reserved 1048576K
Event: 2.778 GC heap after
Heap after GC invocations=6 (full 2):
 PSYoungGen      total 107008K, used 0K [0x000000076ab00000, 0x0000000772080000, 0x00000007c0000000)
  eden space 96256K, 0% used [0x000000076ab00000,0x000000076ab00000,0x0000000770900000)
  from space 10752K, 0% used [0x0000000771380000,0x0000000771380000,0x0000000771e00000)
  to   space 10752K, 0% used [0x0000000770900000,0x0000000770900000,0x0000000771380000)
 ParOldGen       total 173568K, used 11557K [0x00000006c0000000, 0x00000006ca980000, 0x000000076ab00000)
  object space 173568K, 6% used [0x00000006c0000000,0x00000006c0b497c8,0x00000006ca980000)
 Metaspace       used 33657K, capacity 35393K, committed 35496K, reserved 1079296K
  class space    used 4682K, capacity 4863K, committed 4864K, reserved 1048576K
}
Event: 3.462 GC heap before
{Heap before GC invocations=7 (full 2):
 PSYoungGen      total 107008K, used 96256K [0x000000076ab00000, 0x0000000772080000, 0x00000007c0000000)
  eden space 96256K, 100% used [0x000000076ab00000,0x0000000770900000,0x0000000770900000)
  from space 10752K, 0% used [0x0000000771380000,0x0000000771380000,0x0000000771e00000)
  to   space 10752K, 0% used [0x0000000770900000,0x0000000770900000,0x0000000771380000)
 ParOldGen       total 173568K, used 11557K [0x00000006c0000000, 0x00000006ca980000, 0x000000076ab00000)
  object space 173568K, 6% used [0x00000006c0000000,0x00000006c0b497c8,0x00000006ca980000)
 Metaspace       used 43064K, capacity 45111K, committed 45440K, reserved 1089536K
  class space    used 5713K, capacity 5909K, committed 6016K, reserved 1048576K
Event: 3.471 GC heap after
Heap after GC invocations=7 (full 2):
 PSYoungGen      total 107008K, used 10721K [0x000000076ab00000, 0x0000000774380000, 0x00000007c0000000)
  eden space 96256K, 0% used [0x000000076ab00000,0x000000076ab00000,0x0000000770900000)
  from space 10752K, 99% used [0x0000000770900000,0x0000000771378770,0x0000000771380000)
  to   space 11776K, 0% used [0x0000000773800000,0x0000000773800000,0x0000000774380000)
 ParOldGen       total 173568K, used 12657K [0x00000006c0000000, 0x00000006ca980000, 0x000000076ab00000)
  object space 173568K, 7% used [0x00000006c0000000,0x00000006c0c5c710,0x00000006ca980000)
 Metaspace       used 43064K, capacity 45111K, committed 45440K, reserved 1089536K
  class space    used 5713K, capacity 5909K, committed 6016K, reserved 1048576K
}
Event: 4.019 GC heap before
{Heap before GC invocations=8 (full 2):
 PSYoungGen      total 107008K, used 106977K [0x000000076ab00000, 0x0000000774380000, 0x00000007c0000000)
  eden space 96256K, 100% used [0x000000076ab00000,0x0000000770900000,0x0000000770900000)
  from space 10752K, 99% used [0x0000000770900000,0x0000000771378770,0x0000000771380000)
  to   space 11776K, 0% used [0x0000000773800000,0x0000000773800000,0x0000000774380000)
 ParOldGen       total 173568K, used 12657K [0x00000006c0000000, 0x00000006ca980000, 0x000000076ab00000)
  object space 173568K, 7% used [0x00000006c0000000,0x00000006c0c5c710,0x00000006ca980000)
 Metaspace       used 51018K, capacity 53589K, committed 53632K, reserved 1095680K
  class space    used 6783K, capacity 7025K, committed 7040K, reserved 1048576K
Event: 4.027 GC heap after
Heap after GC invocations=8 (full 2):
 PSYoungGen      total 143360K, used 11449K [0x000000076ab00000, 0x0000000774680000, 0x00000007c0000000)
  eden space 131584K, 0% used [0x000000076ab00000,0x000000076ab00000,0x0000000772b80000)
  from space 11776K, 97% used [0x0000000773800000,0x000000077432e780,0x0000000774380000)
  to   space 12800K, 0% used [0x0000000772b80000,0x0000000772b80000,0x0000000773800000)
 ParOldGen       total 173568K, used 12665K [0x00000006c0000000, 0x00000006ca980000, 0x000000076ab00000)
  object space 173568K, 7% used [0x00000006c0000000,0x00000006c0c5e710,0x00000006ca980000)
 Metaspace       used 51018K, capacity 53589K, committed 53632K, reserved 1095680K
  class space    used 6783K, capacity 7025K, committed 7040K, reserved 1048576K
}
Event: 4.284 GC heap before
{Heap before GC invocations=9 (full 2):
 PSYoungGen      total 143360K, used 60029K [0x000000076ab00000, 0x0000000774680000, 0x00000007c0000000)
  eden space 131584K, 36% used [0x000000076ab00000,0x000000076da70d58,0x0000000772b80000)
  from space 11776K, 97% used [0x0000000773800000,0x000000077432e780,0x0000000774380000)
  to   space 12800K, 0% used [0x0000000772b80000,0x0000000772b80000,0x0000000773800000)
 ParOldGen       total 173568K, used 12665K [0x00000006c0000000, 0x00000006ca980000, 0x000000076ab00000)
  object space 173568K, 7% used [0x00000006c0000000,0x00000006c0c5e710,0x00000006ca980000)
 Metaspace       used 56387K, capacity 59053K, committed 59160K, reserved 1101824K
  class space    used 7485K, capacity 7734K, committed 7808K, reserved 1048576K
Event: 4.291 GC heap after
Heap after GC invocations=9 (full 2):
 PSYoungGen      total 144384K, used 9007K [0x000000076ab00000, 0x0000000777c80000, 0x00000007c0000000)
  eden space 131584K, 0% used [0x000000076ab00000,0x000000076ab00000,0x0000000772b80000)
  from space 12800K, 70% used [0x0000000772b80000,0x000000077344be80,0x0000000773800000)
  to   space 12288K, 0% used [0x0000000777080000,0x0000000777080000,0x0000000777c80000)
 ParOldGen       total 173568K, used 12673K [0x00000006c0000000, 0x00000006ca980000, 0x000000076ab00000)
  object space 173568K, 7% used [0x00000006c0000000,0x00000006c0c60710,0x00000006ca980000)
 Metaspace       used 56387K, capacity 59053K, committed 59160K, reserved 1101824K
  class space    used 7485K, capacity 7734K, committed 7808K, reserved 1048576K
}
Event: 4.291 GC heap before
{Heap before GC invocations=10 (full 3):
 PSYoungGen      total 144384K, used 9007K [0x000000076ab00000, 0x0000000777c80000, 0x00000007c0000000)
  eden space 131584K, 0% used [0x000000076ab00000,0x000000076ab00000,0x0000000772b80000)
  from space 12800K, 70% used [0x0000000772b80000,0x000000077344be80,0x0000000773800000)
  to   space 12288K, 0% used [0x0000000777080000,0x0000000777080000,0x0000000777c80000)
 ParOldGen       total 173568K, used 12673K [0x00000006c0000000, 0x00000006ca980000, 0x000000076ab00000)
  object space 173568K, 7% used [0x00000006c0000000,0x00000006c0c60710,0x00000006ca980000)
 Metaspace       used 56387K, capacity 59053K, committed 59160K, reserved 1101824K
  class space    used 7485K, capacity 7734K, committed 7808K, reserved 1048576K
Event: 4.380 GC heap after
Heap after GC invocations=10 (full 3):
 PSYoungGen      total 144384K, used 0K [0x000000076ab00000, 0x0000000777c80000, 0x00000007c0000000)
  eden space 131584K, 0% used [0x000000076ab00000,0x000000076ab00000,0x0000000772b80000)
  from space 12800K, 0% used [0x0000000772b80000,0x0000000772b80000,0x0000000773800000)
  to   space 12288K, 0% used [0x0000000777080000,0x0000000777080000,0x0000000777c80000)
 ParOldGen       total 244736K, used 16231K [0x00000006c0000000, 0x00000006cef00000, 0x000000076ab00000)
  object space 244736K, 6% used [0x00000006c0000000,0x00000006c0fd9d40,0x00000006cef00000)
 Metaspace       used 56387K, capacity 59053K, committed 59160K, reserved 1101824K
  class space    used 7485K, capacity 7734K, committed 7808K, reserved 1048576K
}

